  analizorSintactic.c
D:\UPT\PROJECTS\LFTC_AN3\AtomC\AtomC\AtomC\analizorSintactic.c(39,1): warning C4244: 'initializing': conversion from '__int64' to 'int', possible loss of data
D:\UPT\PROJECTS\LFTC_AN3\AtomC\AtomC\AtomC\analizorSintactic.c(59,1): warning C4244: 'initializing': conversion from '__int64' to 'int', possible loss of data
D:\UPT\PROJECTS\LFTC_AN3\AtomC\AtomC\AtomC\analizorSintactic.c(123,43): warning C4013: 'typeFullSize' undefined; assuming extern returning int
D:\UPT\PROJECTS\LFTC_AN3\AtomC\AtomC\AtomC\analizorSintactic.c(289,26): warning C4244: 'return': conversion from 'time_t' to 'double', possible loss of data
D:\UPT\PROJECTS\LFTC_AN3\AtomC\AtomC\AtomC\analizorSintactic.c(294,18): warning C4101: 'a': unreferenced local variable
D:\UPT\PROJECTS\LFTC_AN3\AtomC\AtomC\AtomC\analizorSintactic.c(345,42): warning C4013: 'typeArgSize' undefined; assuming extern returning int
D:\UPT\PROJECTS\LFTC_AN3\AtomC\AtomC\AtomC\analizorSintactic.c(445,23): warning C4013: 'declStruct' undefined; assuming extern returning int
D:\UPT\PROJECTS\LFTC_AN3\AtomC\AtomC\AtomC\analizorSintactic.c(447,26): warning C4013: 'declFunc' undefined; assuming extern returning int
D:\UPT\PROJECTS\LFTC_AN3\AtomC\AtomC\AtomC\analizorSintactic.c(449,25): warning C4013: 'declVar' undefined; assuming extern returning int
D:\UPT\PROJECTS\LFTC_AN3\AtomC\AtomC\AtomC\analizorSintactic.c(510,17): warning C4013: 'typeBase' undefined; assuming extern returning int
D:\UPT\PROJECTS\LFTC_AN3\AtomC\AtomC\AtomC\analizorSintactic.c(515,29): warning C4013: 'arrayDecl' undefined; assuming extern returning int
D:\UPT\PROJECTS\LFTC_AN3\AtomC\AtomC\AtomC\analizorSintactic.c(603,17): warning C4013: 'expr' undefined; assuming extern returning int
D:\UPT\PROJECTS\LFTC_AN3\AtomC\AtomC\AtomC\analizorSintactic.c(659,24): warning C4013: 'funcArg' undefined; assuming extern returning int
D:\UPT\PROJECTS\LFTC_AN3\AtomC\AtomC\AtomC\analizorSintactic.c(685,32): warning C4013: 'stmCompound' undefined; assuming extern returning int
D:\UPT\PROJECTS\LFTC_AN3\AtomC\AtomC\AtomC\analizorSintactic.c(788,24): warning C4013: 'stm' undefined; assuming extern returning int
D:\UPT\PROJECTS\LFTC_AN3\AtomC\AtomC\AtomC\analizorSintactic.c(941,22): warning C4047: 'function': 'Instr *' differs in levels of indirection from 'Instr **'
D:\UPT\PROJECTS\LFTC_AN3\AtomC\AtomC\AtomC\analizorSintactic.c(941,22): warning C4024: 'stmIF': different types for formal and actual parameter 1
D:\UPT\PROJECTS\LFTC_AN3\AtomC\AtomC\AtomC\analizorSintactic.c(941,27): warning C4047: 'function': 'Instr *' differs in levels of indirection from 'Instr **'
D:\UPT\PROJECTS\LFTC_AN3\AtomC\AtomC\AtomC\analizorSintactic.c(941,27): warning C4024: 'stmIF': different types for formal and actual parameter 2
D:\UPT\PROJECTS\LFTC_AN3\AtomC\AtomC\AtomC\analizorSintactic.c(948,25): warning C4047: 'function': 'Instr *' differs in levels of indirection from 'Instr **'
D:\UPT\PROJECTS\LFTC_AN3\AtomC\AtomC\AtomC\analizorSintactic.c(948,25): warning C4024: 'stmWHILE': different types for formal and actual parameter 1
D:\UPT\PROJECTS\LFTC_AN3\AtomC\AtomC\AtomC\analizorSintactic.c(948,30): warning C4047: 'function': 'Instr *' differs in levels of indirection from 'Instr **'
D:\UPT\PROJECTS\LFTC_AN3\AtomC\AtomC\AtomC\analizorSintactic.c(948,30): warning C4024: 'stmWHILE': different types for formal and actual parameter 2
D:\UPT\PROJECTS\LFTC_AN3\AtomC\AtomC\AtomC\analizorSintactic.c(955,23): warning C4047: 'function': 'Instr *' differs in levels of indirection from 'Instr **'
D:\UPT\PROJECTS\LFTC_AN3\AtomC\AtomC\AtomC\analizorSintactic.c(955,23): warning C4024: 'stmFOR': different types for formal and actual parameter 1
D:\UPT\PROJECTS\LFTC_AN3\AtomC\AtomC\AtomC\analizorSintactic.c(1044,19): warning C4013: 'exprAssign' undefined; assuming extern returning int
D:\UPT\PROJECTS\LFTC_AN3\AtomC\AtomC\AtomC\analizorSintactic.c(1061,18): warning C4013: 'exprUnary' undefined; assuming extern returning int
D:\UPT\PROJECTS\LFTC_AN3\AtomC\AtomC\AtomC\analizorSintactic.c(1084,15): warning C4013: 'exprOr' undefined; assuming extern returning int
D:\UPT\PROJECTS\LFTC_AN3\AtomC\AtomC\AtomC\analizorSintactic.c(1102,20): warning C4013: 'exprAnd' undefined; assuming extern returning int
D:\UPT\PROJECTS\LFTC_AN3\AtomC\AtomC\AtomC\analizorSintactic.c(1158,19): warning C4013: 'exprEq' undefined; assuming extern returning int
D:\UPT\PROJECTS\LFTC_AN3\AtomC\AtomC\AtomC\analizorSintactic.c(1216,20): warning C4013: 'exprRel' undefined; assuming extern returning int
D:\UPT\PROJECTS\LFTC_AN3\AtomC\AtomC\AtomC\analizorSintactic.c(1285,20): warning C4013: 'exprAdd' undefined; assuming extern returning int
D:\UPT\PROJECTS\LFTC_AN3\AtomC\AtomC\AtomC\analizorSintactic.c(1366,20): warning C4013: 'exprMul' undefined; assuming extern returning int
D:\UPT\PROJECTS\LFTC_AN3\AtomC\AtomC\AtomC\analizorSintactic.c(1429,21): warning C4013: 'exprCast' undefined; assuming extern returning int
D:\UPT\PROJECTS\LFTC_AN3\AtomC\AtomC\AtomC\analizorSintactic.c(1591,25): warning C4013: 'exprPostfix' undefined; assuming extern returning int
D:\UPT\PROJECTS\LFTC_AN3\AtomC\AtomC\AtomC\analizorSintactic.c(1668,20): warning C4013: 'exprPrimary' undefined; assuming extern returning int
D:\UPT\PROJECTS\LFTC_AN3\AtomC\AtomC\AtomC\analizorSintactic.c(216): warning C4715: 'getArithType': not all control paths return a value
  AtomC.vcxproj -> D:\UPT\PROJECTS\LFTC_AN3\AtomC\AtomC\x64\Debug\AtomC.exe
