  analizorLexical.c
  analizorSintactic.c
D:\UPT\PROJECTS\LFTC_AN3\AtomC\AtomC\AtomC\analizorSintactic.c(115,23): warning C4013: 'declStruct' undefined; assuming extern returning int
D:\UPT\PROJECTS\LFTC_AN3\AtomC\AtomC\AtomC\analizorSintactic.c(117,26): warning C4013: 'declFunc' undefined; assuming extern returning int
D:\UPT\PROJECTS\LFTC_AN3\AtomC\AtomC\AtomC\analizorSintactic.c(119,25): warning C4013: 'declVar' undefined; assuming extern returning int
D:\UPT\PROJECTS\LFTC_AN3\AtomC\AtomC\AtomC\analizorSintactic.c(175,17): warning C4013: 'typeBase' undefined; assuming extern returning int
D:\UPT\PROJECTS\LFTC_AN3\AtomC\AtomC\AtomC\analizorSintactic.c(180,29): warning C4013: 'arrayDecl' undefined; assuming extern returning int
D:\UPT\PROJECTS\LFTC_AN3\AtomC\AtomC\AtomC\analizorSintactic.c(261,13): warning C4013: 'expr' undefined; assuming extern returning int
D:\UPT\PROJECTS\LFTC_AN3\AtomC\AtomC\AtomC\analizorSintactic.c(304,24): warning C4013: 'funcArg' undefined; assuming extern returning int
D:\UPT\PROJECTS\LFTC_AN3\AtomC\AtomC\AtomC\analizorSintactic.c(320,32): warning C4013: 'stmCompound' undefined; assuming extern returning int
D:\UPT\PROJECTS\LFTC_AN3\AtomC\AtomC\AtomC\analizorSintactic.c(406,24): warning C4013: 'stm' undefined; assuming extern returning int
D:\UPT\PROJECTS\LFTC_AN3\AtomC\AtomC\AtomC\analizorSintactic.c(580,19): warning C4013: 'exprAssign' undefined; assuming extern returning int
D:\UPT\PROJECTS\LFTC_AN3\AtomC\AtomC\AtomC\analizorSintactic.c(593,18): warning C4013: 'exprUnary' undefined; assuming extern returning int
D:\UPT\PROJECTS\LFTC_AN3\AtomC\AtomC\AtomC\analizorSintactic.c(605,15): warning C4013: 'exprOr' undefined; assuming extern returning int
D:\UPT\PROJECTS\LFTC_AN3\AtomC\AtomC\AtomC\analizorSintactic.c(618,20): warning C4013: 'exprAnd' undefined; assuming extern returning int
D:\UPT\PROJECTS\LFTC_AN3\AtomC\AtomC\AtomC\analizorSintactic.c(647,19): warning C4013: 'exprEq' undefined; assuming extern returning int
D:\UPT\PROJECTS\LFTC_AN3\AtomC\AtomC\AtomC\analizorSintactic.c(677,20): warning C4013: 'exprRel' undefined; assuming extern returning int
D:\UPT\PROJECTS\LFTC_AN3\AtomC\AtomC\AtomC\analizorSintactic.c(707,20): warning C4013: 'exprAdd' undefined; assuming extern returning int
D:\UPT\PROJECTS\LFTC_AN3\AtomC\AtomC\AtomC\analizorSintactic.c(737,20): warning C4013: 'exprMul' undefined; assuming extern returning int
D:\UPT\PROJECTS\LFTC_AN3\AtomC\AtomC\AtomC\analizorSintactic.c(767,21): warning C4013: 'exprCast' undefined; assuming extern returning int
D:\UPT\PROJECTS\LFTC_AN3\AtomC\AtomC\AtomC\analizorSintactic.c(831,25): warning C4013: 'exprPostfix' undefined; assuming extern returning int
D:\UPT\PROJECTS\LFTC_AN3\AtomC\AtomC\AtomC\analizorSintactic.c(876,20): warning C4013: 'exprPrimary' undefined; assuming extern returning int
  main.c
  Generating Code...
  AtomC.vcxproj -> D:\UPT\PROJECTS\LFTC_AN3\AtomC\AtomC\Debug\AtomC.exe
